C51 COMPILER V9.60.7.0   TIMER                                                             08/30/2023 04:17:53 PAGE 1   


C51 COMPILER V9.60.7.0, COMPILATION OF MODULE TIMER
OBJECT MODULE PLACED IN .\Objects\timer.obj
COMPILER INVOKED BY: C:\Keil_v5\C51\BIN\C51.EXE timer.c OPTIMIZE(8,SPEED) BROWSE DEBUG OBJECTEXTEND PRINT(.\Listings\tim
                    -er.lst) TABS(2) OBJECT(.\Objects\timer.obj)

line level    source

   1          #include <REGX51.H>
   2          
   3          void DELAY_50ms(unsigned int value){
   4   1        while(value>0){
   5   2        TMOD = 0x01;
   6   2        TH0 = 0x05;
   7   2        TL0 = 0xAE;
   8   2        TR0=1;
   9   2          while(!TF0);
  10   2        TF0=0;
  11   2        TR0=0;
  12   2        value--;
  13   2        }
  14   1      }


MODULE INFORMATION:   STATIC OVERLAYABLE
   CODE SIZE        =     35    ----
   CONSTANT SIZE    =   ----    ----
   XDATA SIZE       =   ----    ----
   PDATA SIZE       =   ----    ----
   DATA SIZE        =   ----    ----
   IDATA SIZE       =   ----    ----
   BIT SIZE         =   ----    ----
END OF MODULE INFORMATION.


C51 COMPILATION COMPLETE.  0 WARNING(S),  0 ERROR(S)
